0 info it worked if it ends with ok
1 verbose cli [ '/home/norhan/.nvm/versions/node/v6.9.5/bin/node',
1 verbose cli   '/home/norhan/.nvm/versions/node/v6.9.5/bin/npm',
1 verbose cli   'i',
1 verbose cli   'ng2-search-filter',
1 verbose cli   '--save' ]
2 info using npm@3.10.10
3 info using node@v6.9.5
4 silly loadCurrentTree Starting
5 silly install loadCurrentTree
6 silly install readLocalPackageData
7 silly fetchPackageMetaData ng2-search-filter
8 silly fetchNamedPackageData ng2-search-filter
9 silly mapToRegistry name ng2-search-filter
10 silly mapToRegistry using default registry
11 silly mapToRegistry registry https://registry.npmjs.org/
12 silly mapToRegistry data Result {
12 silly mapToRegistry   raw: 'ng2-search-filter',
12 silly mapToRegistry   scope: null,
12 silly mapToRegistry   escapedName: 'ng2-search-filter',
12 silly mapToRegistry   name: 'ng2-search-filter',
12 silly mapToRegistry   rawSpec: '',
12 silly mapToRegistry   spec: 'latest',
12 silly mapToRegistry   type: 'tag' }
13 silly mapToRegistry uri https://registry.npmjs.org/ng2-search-filter
14 verbose request uri https://registry.npmjs.org/ng2-search-filter
15 verbose request no auth needed
16 info attempt registry request try #1 at 11:31:11 PM
17 verbose request id 9fa12b6289f17db8
18 verbose etag W/"587390df-2e16"
19 verbose lastModified Mon, 09 Jan 2017 13:32:15 GMT
20 http request GET https://registry.npmjs.org/ng2-search-filter
21 http 304 https://registry.npmjs.org/ng2-search-filter
22 verbose headers { date: 'Wed, 19 Apr 2017 20:31:16 GMT',
22 verbose headers   via: '1.1 varnish',
22 verbose headers   'cache-control': 'max-age=300',
22 verbose headers   etag: 'W/"587390df-2e16"',
22 verbose headers   age: '0',
22 verbose headers   connection: 'keep-alive',
22 verbose headers   'x-served-by': 'cache-fra1240-FRA',
22 verbose headers   'x-cache': 'MISS',
22 verbose headers   'x-cache-hits': '0',
22 verbose headers   'x-timer': 'S1492633877.848253,VS0,VE2',
22 verbose headers   vary: 'Accept-Encoding' }
23 silly get cb [ 304,
23 silly get   { date: 'Wed, 19 Apr 2017 20:31:16 GMT',
23 silly get     via: '1.1 varnish',
23 silly get     'cache-control': 'max-age=300',
23 silly get     etag: 'W/"587390df-2e16"',
23 silly get     age: '0',
23 silly get     connection: 'keep-alive',
23 silly get     'x-served-by': 'cache-fra1240-FRA',
23 silly get     'x-cache': 'MISS',
23 silly get     'x-cache-hits': '0',
23 silly get     'x-timer': 'S1492633877.848253,VS0,VE2',
23 silly get     vary: 'Accept-Encoding' } ]
24 verbose etag https://registry.npmjs.org/ng2-search-filter from cache
25 verbose get saving ng2-search-filter to /home/norhan/.npm/registry.npmjs.org/ng2-search-filter/.cache.json
26 verbose correctMkdir /home/norhan/.npm correctMkdir not in flight; initializing
27 silly install normalizeTree
28 silly loadCurrentTree Finishing
29 silly loadIdealTree Starting
30 silly install loadIdealTree
31 silly cloneCurrentTree Starting
32 silly install cloneCurrentTreeToIdealTree
33 silly cloneCurrentTree Finishing
34 silly loadShrinkwrap Starting
35 silly install loadShrinkwrap
36 silly loadShrinkwrap Finishing
37 silly loadAllDepsIntoIdealTree Starting
38 silly install loadAllDepsIntoIdealTree
39 silly rollbackFailedOptional Starting
40 silly rollbackFailedOptional Finishing
41 silly runTopLevelLifecycles Finishing
42 silly install printInstalled
43 verbose stack Error: Refusing to install ng2-search-filter as a dependency of itself
43 verbose stack     at checkSelf (/home/norhan/.nvm/versions/node/v6.9.5/lib/node_modules/npm/lib/install/validate-args.js:53:14)
43 verbose stack     at Array.<anonymous> (/home/norhan/.nvm/versions/node/v6.9.5/lib/node_modules/npm/node_modules/slide/lib/bind-actor.js:15:8)
43 verbose stack     at LOOP (/home/norhan/.nvm/versions/node/v6.9.5/lib/node_modules/npm/node_modules/slide/lib/chain.js:15:14)
43 verbose stack     at chain (/home/norhan/.nvm/versions/node/v6.9.5/lib/node_modules/npm/node_modules/slide/lib/chain.js:20:5)
43 verbose stack     at /home/norhan/.nvm/versions/node/v6.9.5/lib/node_modules/npm/lib/install/validate-args.js:16:5
43 verbose stack     at /home/norhan/.nvm/versions/node/v6.9.5/lib/node_modules/npm/node_modules/slide/lib/async-map.js:52:35
43 verbose stack     at Array.forEach (native)
43 verbose stack     at /home/norhan/.nvm/versions/node/v6.9.5/lib/node_modules/npm/node_modules/slide/lib/async-map.js:52:11
43 verbose stack     at Array.forEach (native)
43 verbose stack     at asyncMap (/home/norhan/.nvm/versions/node/v6.9.5/lib/node_modules/npm/node_modules/slide/lib/async-map.js:51:8)
44 verbose cwd /home/norhan/Desktop/ng2-search-filter-master/src
45 error Linux 4.4.0-72-generic
46 error argv "/home/norhan/.nvm/versions/node/v6.9.5/bin/node" "/home/norhan/.nvm/versions/node/v6.9.5/bin/npm" "i" "ng2-search-filter" "--save"
47 error node v6.9.5
48 error npm  v3.10.10
49 error code ENOSELF
50 error Refusing to install ng2-search-filter as a dependency of itself
51 error If you need help, you may report this error at:
51 error     <https://github.com/npm/npm/issues>
52 verbose exit [ 1, true ]
